<?xml version="1.0" encoding="UTF-8"?>
<!-- Generated by org.testng.reporters.JUnitReportReporter -->
<testsuite hostname="LAPTOP-HEPN219V" failures="0" tests="3" name="maven_package.Your_Store" time="15.780" errors="0" timestamp="7 Dec 2022 00:17:29 GMT">
  <testcase classname="maven_package.Your_Store" name="tc" time="8.248"/>
  <testcase classname="maven_package.Your_Store" name="tc2" time="4.997"/>
  <testcase classname="maven_package.Your_Store" name="tc1" time="2.535"/>
</testsuite> <!-- maven_package.Your_Store -->
