<?xml version="1.0" encoding="UTF-8"?>
<!-- Generated by org.testng.reporters.JUnitReportReporter -->
<testsuite hostname="LAPTOP-HEPN219V" failures="0" tests="3" name="maven_package.Traveling" time="90.491" errors="0" timestamp="7 Dec 2022 00:17:29 GMT">
  <testcase classname="maven_package.Traveling" name="tc1" time="6.032"/>
  <testcase classname="maven_package.Traveling" name="regsiter" time="26.616"/>
  <testcase classname="maven_package.Traveling" name="link" time="57.843"/>
</testsuite> <!-- maven_package.Traveling -->
