<?xml version="1.0" encoding="UTF-8"?>
<!-- Generated by org.testng.reporters.JUnitReportReporter -->
<testsuite hostname="LAPTOP-HEPN219V" failures="0" tests="5" name="maven_package.Maven_class" time="56.305" errors="0" timestamp="7 Dec 2022 00:17:29 GMT">
  <testcase classname="maven_package.Maven_class" name="tc5" time="19.008"/>
  <testcase classname="maven_package.Maven_class" name="tc1" time="0.342"/>
  <testcase classname="maven_package.Maven_class" name="tc4" time="18.155"/>
  <testcase classname="maven_package.Maven_class" name="tc11" time="18.305"/>
  <testcase classname="maven_package.Maven_class" name="tc6" time="0.495"/>
</testsuite> <!-- maven_package.Maven_class -->
